<?xml version="1.0" encoding="UTF-8"?>
<beans xmlns="http://www.springframework.org/schema/beans"
       xmlns:xsi="http://www.w3.org/2001/XMLSchema-instance"
       xmlns:context="http://www.springframework.org/schema/context"
       xsi:schemaLocation="http://www.springframework.org/schema/beans http://www.springframework.org/schema/beans/spring-beans.xsd
       http://www.springframework.org/schema/context http://www.springframework.org/schema/context/spring-context.xsd">


    <bean id="dateFormat" class="java.text.SimpleDateFormat">
        <constructor-arg value="yyyy-MM-dd"/>
    </bean>


    <bean id="exampleForecastMon" class="weather.data.Forecast">
        <property name="code" value="34"/>
        <property name="date">
            <bean factory-bean="dateFormat" factory-method="parse">
                <constructor-arg value="2017-09-11"/>
            </bean>
        </property>
        <property name="day"   value="Mon"/>
        <property name="high" value="71"/>
        <property name="low" value="52"/>
        <property name="text" value="Mostly Sunny"/>
        <property name="location" value="Saratov"/>
    </bean>
    <bean id="exampleForecastTue" class="weather.data.Forecast">
        <property name="code" value="34"/>
        <property name="date">
            <bean factory-bean="dateFormat" factory-method="parse">
                <constructor-arg value="2017-09-12"/>
            </bean>
        </property>
        <property name="day" value="Tue"/>
        <property name="high" value="74"/>
        <property name="low" value="57"/>
        <property name="text" value="Mostly Sunny"/>
        <property name="location" value="Saratov"/>
    </bean>
    <bean id="exampleLocation" class="weather.data.Location">
        <property name="city" value="Saratov"/>
        <property name="country" value="Russia"/>
        <property name="region" value="Saratov Oblast"/>
        <property name="forecasts">
            <list value-type="weather.data.Forecast">
                <ref bean="exampleForecastMon"/>
                <ref bean="exampleForecastTue"/>
            </list>
        </property>
    </bean>
</beans>


